<?xml version="1.0" encoding="UTF-8"?>
<!-- Generated by org.testng.reporters.JUnitXMLReporter -->
<testsuite ignored="0" hostname="Shejuti" failures="0" tests="6" name="Login Tests" time="11.385" errors="0" timestamp="2025-07-22T12:55:22 AEST">
  <testcase classname="com.shejuti.tests.TestingDemoTest" name="testDropDownSelection" time="0.376"/>
  <testcase classname="com.shejuti.tests.TestingDemoTest" name="testDynamicItemAdd" time="0.409"/>
  <testcase classname="com.shejuti.tests.TestingDemoTest" name="testDynamicItemRemove" time="0.324"/>
  <testcase classname="com.shejuti.tests.TestingDemoTest" name="testFileUpload" time="0.385"/>
  <testcase classname="com.shejuti.tests.TestingDemoTest" name="testFormValidation" time="0.464"/>
  <testcase classname="com.shejuti.tests.TestingDemoTest" name="testLogout" time="0.361"/>
</testsuite> <!-- Login Tests -->
