<?xml version="1.0" encoding="UTF-8"?>
<!-- Generated by org.testng.reporters.JUnitXMLReporter -->
<testsuite ignored="1" hostname="Shejuti" failures="0" tests="1" name="Default test" time="2.067" errors="0" timestamp="2025-07-11T11:41:24 AEST">
  <testcase classname="com.shejuti.tests.LoginTest" name="testInvalidLoginShowsErrorMessage" time="0.283"/>
  <testcase classname="com.shejuti.tests.LoginTest" name="testValidLogin" time="0.0">
    <ignored/>
  </testcase> <!-- testValidLogin -->
</testsuite> <!-- Default test -->
