<?xml version="1.0" encoding="UTF-8"?>
<!-- Generated by org.testng.reporters.JUnitXMLReporter -->
<testsuite ignored="2" hostname="Shejuti" failures="0" tests="1" name="Default test" time="2.057" errors="0" timestamp="2025-07-29T14:05:40 AEST">
  <testcase classname="com.shejuti.tests.LoginTest" name="testAdminAndPasswordBothMandatoryForLogin" time="0.475"/>
  <testcase classname="com.shejuti.tests.LoginTest" name="testInvalidLoginShowsErrorMessage" time="0.0">
    <ignored/>
  </testcase> <!-- testInvalidLoginShowsErrorMessage -->
  <testcase classname="com.shejuti.tests.LoginTest" name="testValidLogin" time="0.0">
    <ignored/>
  </testcase> <!-- testValidLogin -->
</testsuite> <!-- Default test -->
