<?xml version="1.0" encoding="UTF-8"?>
<testng-results ignored="0" total="11" passed="11" failed="0" skipped="0">
  <reporter-output>
  </reporter-output>
  <suite started-at="2025-12-02T13:01:35 AEDT" name="Portfolio Test Suite" finished-at="2025-12-02T13:02:02 AEDT" duration-ms="27813">
    <groups>
    </groups>
    <test started-at="2025-12-02T13:01:35 AEDT" name="Login Tests - Edge" finished-at="2025-12-02T13:01:35 AEDT" duration-ms="27">
    </test> <!-- Login Tests - Edge -->
    <test started-at="2025-12-02T13:01:35 AEDT" name="Login Tests - Firefox" finished-at="2025-12-02T13:01:35 AEDT" duration-ms="27">
    </test> <!-- Login Tests - Firefox -->
    <test started-at="2025-12-02T13:01:35 AEDT" name="Home Tests - Firefox" finished-at="2025-12-02T13:01:35 AEDT" duration-ms="0">
    </test> <!-- Home Tests - Firefox -->
    <test started-at="2025-12-02T13:01:35 AEDT" name="Home Tests - Chrome" finished-at="2025-12-02T13:01:35 AEDT" duration-ms="0">
    </test> <!-- Home Tests - Chrome -->
    <test started-at="2025-12-02T13:01:35 AEDT" name="Home Tests - Edge" finished-at="2025-12-02T13:01:35 AEDT" duration-ms="0">
    </test> <!-- Home Tests - Edge -->
    <test started-at="2025-12-02T13:01:35 AEDT" name="Contact Tests - Chrome" finished-at="2025-12-02T13:01:35 AEDT" duration-ms="0">
    </test> <!-- Contact Tests - Chrome -->
    <test started-at="2025-12-02T13:01:35 AEDT" name="Contact Tests - Firefox" finished-at="2025-12-02T13:01:35 AEDT" duration-ms="0">
    </test> <!-- Contact Tests - Firefox -->
    <test started-at="2025-12-02T13:01:35 AEDT" name="Contact Tests - Edge" finished-at="2025-12-02T13:01:35 AEDT" duration-ms="0">
    </test> <!-- Contact Tests - Edge -->
    <test started-at="2025-12-02T13:01:35 AEDT" name="Testing Demo Tests - Chrome" finished-at="2025-12-02T13:01:35 AEDT" duration-ms="0">
    </test> <!-- Testing Demo Tests - Chrome -->
    <test started-at="2025-12-02T13:01:35 AEDT" name="Testing Demo Tests - Firefox" finished-at="2025-12-02T13:01:35 AEDT" duration-ms="0">
    </test> <!-- Testing Demo Tests - Firefox -->
    <test started-at="2025-12-02T13:01:35 AEDT" name="Testing Demo Tests - Edge" finished-at="2025-12-02T13:01:35 AEDT" duration-ms="0">
    </test> <!-- Testing Demo Tests - Edge -->
    <test started-at="2025-12-02T13:01:35 AEDT" name="Login Tests - Chrome" finished-at="2025-12-02T13:02:02 AEDT" duration-ms="27813">
      <class name="com.shejuti.tests.LoginTest">
        <test-method is-config="true" signature="setUpDriver(java.lang.String)[pri:0, instance:com.shejuti.tests.LoginTest@158d2680]" started-at="2025-12-02T13:01:35 AEDT" name="setUpDriver" finished-at="2025-12-02T13:01:40 AEDT" duration-ms="5051" status="PASS">
          <params>
            <param index="0">
              <value>
                <![CDATA[chrome]]>
              </value>
            </param>
          </params>
          <reporter-output>
          </reporter-output>
        </test-method> <!-- setUpDriver -->
        <test-method signature="testAdminAndPasswordBothMandatoryForLogin()[pri:0, instance:com.shejuti.tests.LoginTest@158d2680]" started-at="2025-12-02T13:01:40 AEDT" name="testAdminAndPasswordBothMandatoryForLogin" description="Verify empty login credentials shows prompt message" finished-at="2025-12-02T13:01:41 AEDT" duration-ms="998" status="PASS">
          <reporter-output>
          </reporter-output>
        </test-method> <!-- testAdminAndPasswordBothMandatoryForLogin -->
        <test-method is-config="true" signature="tearDown()[pri:0, instance:com.shejuti.tests.LoginTest@158d2680]" started-at="2025-12-02T13:01:41 AEDT" name="tearDown" finished-at="2025-12-02T13:01:41 AEDT" duration-ms="208" status="PASS">
          <reporter-output>
          </reporter-output>
        </test-method> <!-- tearDown -->
        <test-method is-config="true" signature="setUpDriver(java.lang.String)[pri:0, instance:com.shejuti.tests.LoginTest@158d2680]" started-at="2025-12-02T13:01:41 AEDT" name="setUpDriver" finished-at="2025-12-02T13:01:42 AEDT" duration-ms="1074" status="PASS">
          <params>
            <param index="0">
              <value>
                <![CDATA[chrome]]>
              </value>
            </param>
          </params>
          <reporter-output>
          </reporter-output>
        </test-method> <!-- setUpDriver -->
        <test-method signature="testInvalidLoginShowsErrorMessage(java.lang.String,java.lang.String)[pri:0, instance:com.shejuti.tests.LoginTest@158d2680]" started-at="2025-12-02T13:01:42 AEDT" name="testInvalidLoginShowsErrorMessage" description="Verify invalid login credentials shows error message" data-provider="loginData" finished-at="2025-12-02T13:01:43 AEDT" duration-ms="810" status="PASS">
          <params>
            <param index="0">
              <value>
                <![CDATA[wrongadmin]]>
              </value>
            </param>
            <param index="1">
              <value>
                <![CDATA[123]]>
              </value>
            </param>
          </params>
          <reporter-output>
          </reporter-output>
        </test-method> <!-- testInvalidLoginShowsErrorMessage -->
        <test-method is-config="true" signature="tearDown()[pri:0, instance:com.shejuti.tests.LoginTest@158d2680]" started-at="2025-12-02T13:01:43 AEDT" name="tearDown" finished-at="2025-12-02T13:01:43 AEDT" duration-ms="159" status="PASS">
          <reporter-output>
          </reporter-output>
        </test-method> <!-- tearDown -->
        <test-method is-config="true" signature="setUpDriver(java.lang.String)[pri:0, instance:com.shejuti.tests.LoginTest@158d2680]" started-at="2025-12-02T13:01:43 AEDT" name="setUpDriver" finished-at="2025-12-02T13:01:44 AEDT" duration-ms="978" status="PASS">
          <params>
            <param index="0">
              <value>
                <![CDATA[chrome]]>
              </value>
            </param>
          </params>
          <reporter-output>
          </reporter-output>
        </test-method> <!-- setUpDriver -->
        <test-method signature="testInvalidLoginShowsErrorMessage(java.lang.String,java.lang.String)[pri:0, instance:com.shejuti.tests.LoginTest@158d2680]" started-at="2025-12-02T13:01:44 AEDT" name="testInvalidLoginShowsErrorMessage" description="Verify invalid login credentials shows error message" data-provider="loginData" finished-at="2025-12-02T13:01:45 AEDT" duration-ms="856" status="PASS">
          <params>
            <param index="0">
              <value>
                <![CDATA[admin]]>
              </value>
            </param>
            <param index="1">
              <value>
                <![CDATA[123456]]>
              </value>
            </param>
          </params>
          <reporter-output>
          </reporter-output>
        </test-method> <!-- testInvalidLoginShowsErrorMessage -->
        <test-method is-config="true" signature="tearDown()[pri:0, instance:com.shejuti.tests.LoginTest@158d2680]" started-at="2025-12-02T13:01:45 AEDT" name="tearDown" finished-at="2025-12-02T13:01:45 AEDT" duration-ms="189" status="PASS">
          <reporter-output>
          </reporter-output>
        </test-method> <!-- tearDown -->
        <test-method is-config="true" signature="setUpDriver(java.lang.String)[pri:0, instance:com.shejuti.tests.LoginTest@158d2680]" started-at="2025-12-02T13:01:45 AEDT" name="setUpDriver" finished-at="2025-12-02T13:01:46 AEDT" duration-ms="979" status="PASS">
          <params>
            <param index="0">
              <value>
                <![CDATA[chrome]]>
              </value>
            </param>
          </params>
          <reporter-output>
          </reporter-output>
        </test-method> <!-- setUpDriver -->
        <test-method signature="testInvalidLoginShowsErrorMessage(java.lang.String,java.lang.String)[pri:0, instance:com.shejuti.tests.LoginTest@158d2680]" started-at="2025-12-02T13:01:46 AEDT" name="testInvalidLoginShowsErrorMessage" description="Verify invalid login credentials shows error message" data-provider="loginData" finished-at="2025-12-02T13:01:47 AEDT" duration-ms="1097" status="PASS">
          <params>
            <param index="0">
              <value>
                <![CDATA[admin ]]>
              </value>
            </param>
            <param index="1">
              <value>
                <![CDATA[123]]>
              </value>
            </param>
          </params>
          <reporter-output>
          </reporter-output>
        </test-method> <!-- testInvalidLoginShowsErrorMessage -->
        <test-method is-config="true" signature="tearDown()[pri:0, instance:com.shejuti.tests.LoginTest@158d2680]" started-at="2025-12-02T13:01:47 AEDT" name="tearDown" finished-at="2025-12-02T13:01:47 AEDT" duration-ms="207" status="PASS">
          <reporter-output>
          </reporter-output>
        </test-method> <!-- tearDown -->
        <test-method is-config="true" signature="setUpDriver(java.lang.String)[pri:0, instance:com.shejuti.tests.LoginTest@158d2680]" started-at="2025-12-02T13:01:47 AEDT" name="setUpDriver" finished-at="2025-12-02T13:01:48 AEDT" duration-ms="1043" status="PASS">
          <params>
            <param index="0">
              <value>
                <![CDATA[chrome]]>
              </value>
            </param>
          </params>
          <reporter-output>
          </reporter-output>
        </test-method> <!-- setUpDriver -->
        <test-method signature="testInvalidLoginShowsErrorMessage(java.lang.String,java.lang.String)[pri:0, instance:com.shejuti.tests.LoginTest@158d2680]" started-at="2025-12-02T13:01:48 AEDT" name="testInvalidLoginShowsErrorMessage" description="Verify invalid login credentials shows error message" data-provider="loginData" finished-at="2025-12-02T13:01:49 AEDT" duration-ms="683" status="PASS">
          <params>
            <param index="0">
              <value>
                <![CDATA[admin]]>
              </value>
            </param>
            <param index="1">
              <value>
                <![CDATA[123 ]]>
              </value>
            </param>
          </params>
          <reporter-output>
          </reporter-output>
        </test-method> <!-- testInvalidLoginShowsErrorMessage -->
        <test-method is-config="true" signature="tearDown()[pri:0, instance:com.shejuti.tests.LoginTest@158d2680]" started-at="2025-12-02T13:01:49 AEDT" name="tearDown" finished-at="2025-12-02T13:01:49 AEDT" duration-ms="185" status="PASS">
          <reporter-output>
          </reporter-output>
        </test-method> <!-- tearDown -->
        <test-method is-config="true" signature="setUpDriver(java.lang.String)[pri:0, instance:com.shejuti.tests.LoginTest@158d2680]" started-at="2025-12-02T13:01:49 AEDT" name="setUpDriver" finished-at="2025-12-02T13:01:51 AEDT" duration-ms="1295" status="PASS">
          <params>
            <param index="0">
              <value>
                <![CDATA[chrome]]>
              </value>
            </param>
          </params>
          <reporter-output>
          </reporter-output>
        </test-method> <!-- setUpDriver -->
        <test-method signature="testInvalidLoginShowsErrorMessage(java.lang.String,java.lang.String)[pri:0, instance:com.shejuti.tests.LoginTest@158d2680]" started-at="2025-12-02T13:01:51 AEDT" name="testInvalidLoginShowsErrorMessage" description="Verify invalid login credentials shows error message" data-provider="loginData" finished-at="2025-12-02T13:01:51 AEDT" duration-ms="795" status="PASS">
          <params>
            <param index="0">
              <value>
                <![CDATA[ ]]>
              </value>
            </param>
            <param index="1">
              <value>
                <![CDATA[123]]>
              </value>
            </param>
          </params>
          <reporter-output>
          </reporter-output>
        </test-method> <!-- testInvalidLoginShowsErrorMessage -->
        <test-method is-config="true" signature="tearDown()[pri:0, instance:com.shejuti.tests.LoginTest@158d2680]" started-at="2025-12-02T13:01:51 AEDT" name="tearDown" finished-at="2025-12-02T13:01:52 AEDT" duration-ms="455" status="PASS">
          <reporter-output>
          </reporter-output>
        </test-method> <!-- tearDown -->
        <test-method is-config="true" signature="setUpDriver(java.lang.String)[pri:0, instance:com.shejuti.tests.LoginTest@158d2680]" started-at="2025-12-02T13:01:52 AEDT" name="setUpDriver" finished-at="2025-12-02T13:01:53 AEDT" duration-ms="1038" status="PASS">
          <params>
            <param index="0">
              <value>
                <![CDATA[chrome]]>
              </value>
            </param>
          </params>
          <reporter-output>
          </reporter-output>
        </test-method> <!-- setUpDriver -->
        <test-method signature="testInvalidLoginShowsErrorMessage(java.lang.String,java.lang.String)[pri:0, instance:com.shejuti.tests.LoginTest@158d2680]" started-at="2025-12-02T13:01:53 AEDT" name="testInvalidLoginShowsErrorMessage" description="Verify invalid login credentials shows error message" data-provider="loginData" finished-at="2025-12-02T13:01:54 AEDT" duration-ms="708" status="PASS">
          <params>
            <param index="0">
              <value>
                <![CDATA[admin]]>
              </value>
            </param>
            <param index="1">
              <value>
                <![CDATA[ ]]>
              </value>
            </param>
          </params>
          <reporter-output>
          </reporter-output>
        </test-method> <!-- testInvalidLoginShowsErrorMessage -->
        <test-method is-config="true" signature="tearDown()[pri:0, instance:com.shejuti.tests.LoginTest@158d2680]" started-at="2025-12-02T13:01:54 AEDT" name="tearDown" finished-at="2025-12-02T13:01:54 AEDT" duration-ms="187" status="PASS">
          <reporter-output>
          </reporter-output>
        </test-method> <!-- tearDown -->
        <test-method is-config="true" signature="setUpDriver(java.lang.String)[pri:0, instance:com.shejuti.tests.LoginTest@158d2680]" started-at="2025-12-02T13:01:54 AEDT" name="setUpDriver" finished-at="2025-12-02T13:01:55 AEDT" duration-ms="936" status="PASS">
          <params>
            <param index="0">
              <value>
                <![CDATA[chrome]]>
              </value>
            </param>
          </params>
          <reporter-output>
          </reporter-output>
        </test-method> <!-- setUpDriver -->
        <test-method signature="testInvalidLoginShowsErrorMessage(java.lang.String,java.lang.String)[pri:0, instance:com.shejuti.tests.LoginTest@158d2680]" started-at="2025-12-02T13:01:55 AEDT" name="testInvalidLoginShowsErrorMessage" description="Verify invalid login credentials shows error message" data-provider="loginData" finished-at="2025-12-02T13:01:56 AEDT" duration-ms="816" status="PASS">
          <params>
            <param index="0">
              <value>
                <![CDATA[ ]]>
              </value>
            </param>
            <param index="1">
              <value>
                <![CDATA[ ]]>
              </value>
            </param>
          </params>
          <reporter-output>
          </reporter-output>
        </test-method> <!-- testInvalidLoginShowsErrorMessage -->
        <test-method is-config="true" signature="tearDown()[pri:0, instance:com.shejuti.tests.LoginTest@158d2680]" started-at="2025-12-02T13:01:56 AEDT" name="tearDown" finished-at="2025-12-02T13:01:56 AEDT" duration-ms="393" status="PASS">
          <reporter-output>
          </reporter-output>
        </test-method> <!-- tearDown -->
        <test-method is-config="true" signature="setUpDriver(java.lang.String)[pri:0, instance:com.shejuti.tests.LoginTest@158d2680]" started-at="2025-12-02T13:01:56 AEDT" name="setUpDriver" finished-at="2025-12-02T13:01:57 AEDT" duration-ms="936" status="PASS">
          <params>
            <param index="0">
              <value>
                <![CDATA[chrome]]>
              </value>
            </param>
          </params>
          <reporter-output>
          </reporter-output>
        </test-method> <!-- setUpDriver -->
        <test-method signature="testInvalidLoginShowsErrorMessage(java.lang.String,java.lang.String)[pri:0, instance:com.shejuti.tests.LoginTest@158d2680]" started-at="2025-12-02T13:01:57 AEDT" name="testInvalidLoginShowsErrorMessage" description="Verify invalid login credentials shows error message" data-provider="loginData" finished-at="2025-12-02T13:01:57 AEDT" duration-ms="641" status="PASS">
          <params>
            <param index="0">
              <value>
                <![CDATA[ admin]]>
              </value>
            </param>
            <param index="1">
              <value>
                <![CDATA[123]]>
              </value>
            </param>
          </params>
          <reporter-output>
          </reporter-output>
        </test-method> <!-- testInvalidLoginShowsErrorMessage -->
        <test-method is-config="true" signature="tearDown()[pri:0, instance:com.shejuti.tests.LoginTest@158d2680]" started-at="2025-12-02T13:01:57 AEDT" name="tearDown" finished-at="2025-12-02T13:01:58 AEDT" duration-ms="206" status="PASS">
          <reporter-output>
          </reporter-output>
        </test-method> <!-- tearDown -->
        <test-method is-config="true" signature="setUpDriver(java.lang.String)[pri:0, instance:com.shejuti.tests.LoginTest@158d2680]" started-at="2025-12-02T13:01:58 AEDT" name="setUpDriver" finished-at="2025-12-02T13:01:59 AEDT" duration-ms="1324" status="PASS">
          <params>
            <param index="0">
              <value>
                <![CDATA[chrome]]>
              </value>
            </param>
          </params>
          <reporter-output>
          </reporter-output>
        </test-method> <!-- setUpDriver -->
        <test-method signature="testInvalidLoginShowsErrorMessage(java.lang.String,java.lang.String)[pri:0, instance:com.shejuti.tests.LoginTest@158d2680]" started-at="2025-12-02T13:01:59 AEDT" name="testInvalidLoginShowsErrorMessage" description="Verify invalid login credentials shows error message" data-provider="loginData" finished-at="2025-12-02T13:02:00 AEDT" duration-ms="762" status="PASS">
          <params>
            <param index="0">
              <value>
                <![CDATA[admin]]>
              </value>
            </param>
            <param index="1">
              <value>
                <![CDATA[ 123]]>
              </value>
            </param>
          </params>
          <reporter-output>
          </reporter-output>
        </test-method> <!-- testInvalidLoginShowsErrorMessage -->
        <test-method is-config="true" signature="tearDown()[pri:0, instance:com.shejuti.tests.LoginTest@158d2680]" started-at="2025-12-02T13:02:00 AEDT" name="tearDown" finished-at="2025-12-02T13:02:00 AEDT" duration-ms="190" status="PASS">
          <reporter-output>
          </reporter-output>
        </test-method> <!-- tearDown -->
        <test-method is-config="true" signature="setUpDriver(java.lang.String)[pri:0, instance:com.shejuti.tests.LoginTest@158d2680]" started-at="2025-12-02T13:02:00 AEDT" name="setUpDriver" finished-at="2025-12-02T13:02:01 AEDT" duration-ms="1294" status="PASS">
          <params>
            <param index="0">
              <value>
                <![CDATA[chrome]]>
              </value>
            </param>
          </params>
          <reporter-output>
          </reporter-output>
        </test-method> <!-- setUpDriver -->
        <test-method signature="testValidLogin()[pri:0, instance:com.shejuti.tests.LoginTest@158d2680]" started-at="2025-12-02T13:02:01 AEDT" name="testValidLogin" description="Verify valid login credentials logs into the system" finished-at="2025-12-02T13:02:02 AEDT" duration-ms="1028" status="PASS">
          <reporter-output>
          </reporter-output>
        </test-method> <!-- testValidLogin -->
        <test-method is-config="true" signature="tearDown()[pri:0, instance:com.shejuti.tests.LoginTest@158d2680]" started-at="2025-12-02T13:02:02 AEDT" name="tearDown" finished-at="2025-12-02T13:02:02 AEDT" duration-ms="183" status="PASS">
          <reporter-output>
          </reporter-output>
        </test-method> <!-- tearDown -->
      </class> <!-- com.shejuti.tests.LoginTest -->
    </test> <!-- Login Tests - Chrome -->
  </suite> <!-- Portfolio Test Suite -->
</testng-results>
