<?xml version="1.0" encoding="UTF-8"?>
<testsuite xmlns:xsi="http://www.w3.org/2001/XMLSchema-instance" xsi:noNamespaceSchemaLocation="https://maven.apache.org/surefire/maven-surefire-plugin/xsd/surefire-test-report-3.0.xsd" version="3.0" name="TestSuite" time="40.923" tests="33" errors="0" skipped="0" failures="0">
  <properties>
[...]
</properties>
  <testcase name="testAdminAndPasswordBothMandatoryForLogin" classname="com.shejuti.tests.LoginTest" time="0.423">
    <system-out><![CDATA[✅ Launching browser: edge on thread: 47
✅ Launching browser: chrome on thread: 45
Validation Message: Please fill out this field.
Validation Message: Please fill out this field.
Validation Message: Please fill out this field.
Validation Message: Please fill out this field.
]]></system-out>
    <system-err><![CDATA[SLF4J: Failed to load class "org.slf4j.impl.StaticLoggerBinder".
SLF4J: Defaulting to no-operation (NOP) logger implementation
SLF4J: See http://www.slf4j.org/codes.html#StaticLoggerBinder for further details.
July 31, 2025 11:43:29 AM org.openqa.selenium.devtools.CdpVersionFinder findNearestMatch
WARNING: Unable to find CDP implementation matching 138
July 31, 2025 11:43:29 AM org.openqa.selenium.devtools.CdpVersionFinder findNearestMatch
WARNING: Unable to find CDP implementation matching 138
July 31, 2025 11:43:29 AM org.openqa.selenium.chromium.ChromiumDriver lambda$new$5
WARNING: Unable to find version of CDP to use for 138.0.7204.183. You may need to include a dependency on a specific version of the CDP using something similar to `org.seleniumhq.selenium:selenium-devtools-v86:4.21.0` where the version ("v86") matches the version of the chromium-based browser you're using and the version number of the artifact is the same as Selenium's.
July 31, 2025 11:43:29 AM org.openqa.selenium.chromium.ChromiumDriver lambda$new$5
WARNING: Unable to find version of CDP to use for 138.0.3351.109. You may need to include a dependency on a specific version of the CDP using something similar to `org.seleniumhq.selenium:selenium-devtools-v86:4.21.0` where the version ("v86") matches the version of the chromium-based browser you're using and the version number of the artifact is the same as Selenium's.
]]></system-err>
  </testcase>
  <testcase name="testAdminAndPasswordBothMandatoryForLogin" classname="com.shejuti.tests.LoginTest" time="0.428"/>
  <testcase name="testAdminAndPasswordBothMandatoryForLogin" classname="com.shejuti.tests.LoginTest" time="0.551">
    <system-out><![CDATA[Validation Message: Please fill out this field.
Validation Message: Please fill out this field.
]]></system-out>
  </testcase>
  <testcase name="testInvalidLoginShowsErrorMessage[wrongadmin, 123](1)" classname="com.shejuti.tests.LoginTest" time="0.32">
    <system-out><![CDATA[✅ Launching browser: chrome on thread: 45
✅ Launching browser: edge on thread: 47
✅ Launching browser: firefox on thread: 46
]]></system-out>
    <system-err><![CDATA[July 31, 2025 11:43:31 AM org.openqa.selenium.devtools.CdpVersionFinder findNearestMatch
WARNING: Unable to find CDP implementation matching 138
July 31, 2025 11:43:31 AM org.openqa.selenium.chromium.ChromiumDriver lambda$new$5
WARNING: Unable to find version of CDP to use for 138.0.7204.183. You may need to include a dependency on a specific version of the CDP using something similar to `org.seleniumhq.selenium:selenium-devtools-v86:4.21.0` where the version ("v86") matches the version of the chromium-based browser you're using and the version number of the artifact is the same as Selenium's.
July 31, 2025 11:43:31 AM org.openqa.selenium.devtools.CdpVersionFinder findNearestMatch
WARNING: Unable to find CDP implementation matching 138
July 31, 2025 11:43:31 AM org.openqa.selenium.chromium.ChromiumDriver lambda$new$5
WARNING: Unable to find version of CDP to use for 138.0.3351.109. You may need to include a dependency on a specific version of the CDP using something similar to `org.seleniumhq.selenium:selenium-devtools-v86:4.21.0` where the version ("v86") matches the version of the chromium-based browser you're using and the version number of the artifact is the same as Selenium's.
]]></system-err>
  </testcase>
  <testcase name="testInvalidLoginShowsErrorMessage[wrongadmin, 123](1)" classname="com.shejuti.tests.LoginTest" time="0.348">
    <system-out><![CDATA[✅ Launching browser: edge on thread: 47
]]></system-out>
    <system-err><![CDATA[July 31, 2025 11:43:33 AM org.openqa.selenium.devtools.CdpVersionFinder findNearestMatch
WARNING: Unable to find CDP implementation matching 138
July 31, 2025 11:43:33 AM org.openqa.selenium.chromium.ChromiumDriver lambda$new$5
WARNING: Unable to find version of CDP to use for 138.0.3351.109. You may need to include a dependency on a specific version of the CDP using something similar to `org.seleniumhq.selenium:selenium-devtools-v86:4.21.0` where the version ("v86") matches the version of the chromium-based browser you're using and the version number of the artifact is the same as Selenium's.
]]></system-err>
  </testcase>
  <testcase name="testInvalidLoginShowsErrorMessage[wrongadmin, 123](1)" classname="com.shejuti.tests.LoginTest" time="0.462">
    <system-out><![CDATA[✅ Launching browser: chrome on thread: 45
]]></system-out>
    <system-err><![CDATA[July 31, 2025 11:43:36 AM org.openqa.selenium.devtools.CdpVersionFinder findNearestMatch
WARNING: Unable to find CDP implementation matching 138
July 31, 2025 11:43:36 AM org.openqa.selenium.chromium.ChromiumDriver lambda$new$5
WARNING: Unable to find version of CDP to use for 138.0.7204.183. You may need to include a dependency on a specific version of the CDP using something similar to `org.seleniumhq.selenium:selenium-devtools-v86:4.21.0` where the version ("v86") matches the version of the chromium-based browser you're using and the version number of the artifact is the same as Selenium's.
]]></system-err>
  </testcase>
  <testcase name="testInvalidLoginShowsErrorMessage[admin, 123456](2)" classname="com.shejuti.tests.LoginTest" time="0.359"/>
  <testcase name="testInvalidLoginShowsErrorMessage[admin, 123456](2)" classname="com.shejuti.tests.LoginTest" time="0.356">
    <system-out><![CDATA[✅ Launching browser: chrome on thread: 45
✅ Launching browser: edge on thread: 47
]]></system-out>
    <system-err><![CDATA[July 31, 2025 11:43:34 AM org.openqa.selenium.devtools.CdpVersionFinder findNearestMatch
WARNING: Unable to find CDP implementation matching 138
July 31, 2025 11:43:34 AM org.openqa.selenium.chromium.ChromiumDriver lambda$new$5
WARNING: Unable to find version of CDP to use for 138.0.7204.183. You may need to include a dependency on a specific version of the CDP using something similar to `org.seleniumhq.selenium:selenium-devtools-v86:4.21.0` where the version ("v86") matches the version of the chromium-based browser you're using and the version number of the artifact is the same as Selenium's.
July 31, 2025 11:43:35 AM org.openqa.selenium.devtools.CdpVersionFinder findNearestMatch
WARNING: Unable to find CDP implementation matching 138
July 31, 2025 11:43:35 AM org.openqa.selenium.chromium.ChromiumDriver lambda$new$5
WARNING: Unable to find version of CDP to use for 138.0.3351.109. You may need to include a dependency on a specific version of the CDP using something similar to `org.seleniumhq.selenium:selenium-devtools-v86:4.21.0` where the version ("v86") matches the version of the chromium-based browser you're using and the version number of the artifact is the same as Selenium's.
]]></system-err>
  </testcase>
  <testcase name="testInvalidLoginShowsErrorMessage[admin, 123456](2)" classname="com.shejuti.tests.LoginTest" time="0.145">
    <system-out><![CDATA[✅ Launching browser: firefox on thread: 46
✅ Launching browser: chrome on thread: 45
✅ Launching browser: edge on thread: 47
]]></system-out>
    <system-err><![CDATA[July 31, 2025 11:43:40 AM org.openqa.selenium.devtools.CdpVersionFinder findNearestMatch
WARNING: Unable to find CDP implementation matching 138
July 31, 2025 11:43:40 AM org.openqa.selenium.chromium.ChromiumDriver lambda$new$5
WARNING: Unable to find version of CDP to use for 138.0.7204.183. You may need to include a dependency on a specific version of the CDP using something similar to `org.seleniumhq.selenium:selenium-devtools-v86:4.21.0` where the version ("v86") matches the version of the chromium-based browser you're using and the version number of the artifact is the same as Selenium's.
July 31, 2025 11:43:40 AM org.openqa.selenium.devtools.CdpVersionFinder findNearestMatch
WARNING: Unable to find CDP implementation matching 138
July 31, 2025 11:43:40 AM org.openqa.selenium.chromium.ChromiumDriver lambda$new$5
WARNING: Unable to find version of CDP to use for 138.0.3351.109. You may need to include a dependency on a specific version of the CDP using something similar to `org.seleniumhq.selenium:selenium-devtools-v86:4.21.0` where the version ("v86") matches the version of the chromium-based browser you're using and the version number of the artifact is the same as Selenium's.
]]></system-err>
  </testcase>
  <testcase name="testInvalidLoginShowsErrorMessage[admin , 123](3)" classname="com.shejuti.tests.LoginTest" time="0.349">
    <system-out><![CDATA[✅ Launching browser: firefox on thread: 46
]]></system-out>
  </testcase>
  <testcase name="testInvalidLoginShowsErrorMessage[admin , 123](3)" classname="com.shejuti.tests.LoginTest" time="0.013">
    <system-out><![CDATA[✅ Launching browser: edge on thread: 47
]]></system-out>
    <system-err><![CDATA[July 31, 2025 11:43:37 AM org.openqa.selenium.devtools.CdpVersionFinder findNearestMatch
WARNING: Unable to find CDP implementation matching 138
July 31, 2025 11:43:37 AM org.openqa.selenium.chromium.ChromiumDriver lambda$new$5
WARNING: Unable to find version of CDP to use for 138.0.3351.109. You may need to include a dependency on a specific version of the CDP using something similar to `org.seleniumhq.selenium:selenium-devtools-v86:4.21.0` where the version ("v86") matches the version of the chromium-based browser you're using and the version number of the artifact is the same as Selenium's.
]]></system-err>
  </testcase>
  <testcase name="testInvalidLoginShowsErrorMessage[admin , 123](3)" classname="com.shejuti.tests.LoginTest" time="0.248"/>
  <testcase name="testInvalidLoginShowsErrorMessage[admin, 123 ](4)" classname="com.shejuti.tests.LoginTest" time="0.327"/>
  <testcase name="testInvalidLoginShowsErrorMessage[admin, 123 ](4)" classname="com.shejuti.tests.LoginTest" time="0.328">
    <system-out><![CDATA[✅ Launching browser: chrome on thread: 45
✅ Launching browser: edge on thread: 47
]]></system-out>
    <system-err><![CDATA[July 31, 2025 11:43:38 AM org.openqa.selenium.devtools.CdpVersionFinder findNearestMatch
WARNING: Unable to find CDP implementation matching 138
July 31, 2025 11:43:38 AM org.openqa.selenium.chromium.ChromiumDriver lambda$new$5
WARNING: Unable to find version of CDP to use for 138.0.7204.183. You may need to include a dependency on a specific version of the CDP using something similar to `org.seleniumhq.selenium:selenium-devtools-v86:4.21.0` where the version ("v86") matches the version of the chromium-based browser you're using and the version number of the artifact is the same as Selenium's.
July 31, 2025 11:43:38 AM org.openqa.selenium.devtools.CdpVersionFinder findNearestMatch
WARNING: Unable to find CDP implementation matching 138
July 31, 2025 11:43:38 AM org.openqa.selenium.chromium.ChromiumDriver lambda$new$5
WARNING: Unable to find version of CDP to use for 138.0.3351.109. You may need to include a dependency on a specific version of the CDP using something similar to `org.seleniumhq.selenium:selenium-devtools-v86:4.21.0` where the version ("v86") matches the version of the chromium-based browser you're using and the version number of the artifact is the same as Selenium's.
]]></system-err>
  </testcase>
  <testcase name="testInvalidLoginShowsErrorMessage[admin, 123 ](4)" classname="com.shejuti.tests.LoginTest" time="0.116"/>
  <testcase name="testInvalidLoginShowsErrorMessage[ , 123](5)" classname="com.shejuti.tests.LoginTest" time="0.354"/>
  <testcase name="testInvalidLoginShowsErrorMessage[ , 123](5)" classname="com.shejuti.tests.LoginTest" time="0.316"/>
  <testcase name="testInvalidLoginShowsErrorMessage[ , 123](5)" classname="com.shejuti.tests.LoginTest" time="0.281">
    <system-out><![CDATA[✅ Launching browser: firefox on thread: 46
]]></system-out>
  </testcase>
  <testcase name="testInvalidLoginShowsErrorMessage[admin,  ](6)" classname="com.shejuti.tests.LoginTest" time="0.358"/>
  <testcase name="testInvalidLoginShowsErrorMessage[admin,  ](6)" classname="com.shejuti.tests.LoginTest" time="0.339">
    <system-out><![CDATA[✅ Launching browser: chrome on thread: 45
✅ Launching browser: edge on thread: 47
]]></system-out>
    <system-err><![CDATA[July 31, 2025 11:43:42 AM org.openqa.selenium.devtools.CdpVersionFinder findNearestMatch
WARNING: Unable to find CDP implementation matching 138
July 31, 2025 11:43:42 AM org.openqa.selenium.chromium.ChromiumDriver lambda$new$5
WARNING: Unable to find version of CDP to use for 138.0.7204.183. You may need to include a dependency on a specific version of the CDP using something similar to `org.seleniumhq.selenium:selenium-devtools-v86:4.21.0` where the version ("v86") matches the version of the chromium-based browser you're using and the version number of the artifact is the same as Selenium's.
July 31, 2025 11:43:42 AM org.openqa.selenium.devtools.CdpVersionFinder findNearestMatch
WARNING: Unable to find CDP implementation matching 138
July 31, 2025 11:43:42 AM org.openqa.selenium.chromium.ChromiumDriver lambda$new$5
WARNING: Unable to find version of CDP to use for 138.0.3351.109. You may need to include a dependency on a specific version of the CDP using something similar to `org.seleniumhq.selenium:selenium-devtools-v86:4.21.0` where the version ("v86") matches the version of the chromium-based browser you're using and the version number of the artifact is the same as Selenium's.
]]></system-err>
  </testcase>
  <testcase name="testInvalidLoginShowsErrorMessage[admin,  ](6)" classname="com.shejuti.tests.LoginTest" time="0.274">
    <system-out><![CDATA[✅ Launching browser: firefox on thread: 46
]]></system-out>
  </testcase>
  <testcase name="testInvalidLoginShowsErrorMessage[ ,  ](7)" classname="com.shejuti.tests.LoginTest" time="0.35"/>
  <testcase name="testInvalidLoginShowsErrorMessage[ ,  ](7)" classname="com.shejuti.tests.LoginTest" time="0.376">
    <system-out><![CDATA[✅ Launching browser: chrome on thread: 45
✅ Launching browser: firefox on thread: 46
✅ Launching browser: edge on thread: 47
]]></system-out>
    <system-err><![CDATA[July 31, 2025 11:43:43 AM org.openqa.selenium.devtools.CdpVersionFinder findNearestMatch
WARNING: Unable to find CDP implementation matching 138
July 31, 2025 11:43:43 AM org.openqa.selenium.chromium.ChromiumDriver lambda$new$5
WARNING: Unable to find version of CDP to use for 138.0.7204.183. You may need to include a dependency on a specific version of the CDP using something similar to `org.seleniumhq.selenium:selenium-devtools-v86:4.21.0` where the version ("v86") matches the version of the chromium-based browser you're using and the version number of the artifact is the same as Selenium's.
July 31, 2025 11:43:44 AM org.openqa.selenium.devtools.CdpVersionFinder findNearestMatch
WARNING: Unable to find CDP implementation matching 138
July 31, 2025 11:43:44 AM org.openqa.selenium.chromium.ChromiumDriver lambda$new$5
WARNING: Unable to find version of CDP to use for 138.0.3351.109. You may need to include a dependency on a specific version of the CDP using something similar to `org.seleniumhq.selenium:selenium-devtools-v86:4.21.0` where the version ("v86") matches the version of the chromium-based browser you're using and the version number of the artifact is the same as Selenium's.
]]></system-err>
  </testcase>
  <testcase name="testInvalidLoginShowsErrorMessage[ ,  ](7)" classname="com.shejuti.tests.LoginTest" time="0.267">
    <system-out><![CDATA[✅ Launching browser: firefox on thread: 46
]]></system-out>
  </testcase>
  <testcase name="testInvalidLoginShowsErrorMessage[ admin, 123](8)" classname="com.shejuti.tests.LoginTest" time="0.383"/>
  <testcase name="testInvalidLoginShowsErrorMessage[ admin, 123](8)" classname="com.shejuti.tests.LoginTest" time="0.329">
    <system-out><![CDATA[✅ Launching browser: chrome on thread: 45
✅ Launching browser: edge on thread: 47
]]></system-out>
    <system-err><![CDATA[July 31, 2025 11:43:45 AM org.openqa.selenium.devtools.CdpVersionFinder findNearestMatch
WARNING: Unable to find CDP implementation matching 138
July 31, 2025 11:43:45 AM org.openqa.selenium.chromium.ChromiumDriver lambda$new$5
WARNING: Unable to find version of CDP to use for 138.0.7204.183. You may need to include a dependency on a specific version of the CDP using something similar to `org.seleniumhq.selenium:selenium-devtools-v86:4.21.0` where the version ("v86") matches the version of the chromium-based browser you're using and the version number of the artifact is the same as Selenium's.
July 31, 2025 11:43:46 AM org.openqa.selenium.devtools.CdpVersionFinder findNearestMatch
WARNING: Unable to find CDP implementation matching 138
July 31, 2025 11:43:46 AM org.openqa.selenium.chromium.ChromiumDriver lambda$new$5
WARNING: Unable to find version of CDP to use for 138.0.3351.109. You may need to include a dependency on a specific version of the CDP using something similar to `org.seleniumhq.selenium:selenium-devtools-v86:4.21.0` where the version ("v86") matches the version of the chromium-based browser you're using and the version number of the artifact is the same as Selenium's.
]]></system-err>
  </testcase>
  <testcase name="testInvalidLoginShowsErrorMessage[ admin, 123](8)" classname="com.shejuti.tests.LoginTest" time="0.285">
    <system-out><![CDATA[✅ Launching browser: firefox on thread: 46
]]></system-out>
  </testcase>
  <testcase name="testInvalidLoginShowsErrorMessage[admin,  123](9)" classname="com.shejuti.tests.LoginTest" time="0.431"/>
  <testcase name="testInvalidLoginShowsErrorMessage[admin,  123](9)" classname="com.shejuti.tests.LoginTest" time="0.42">
    <system-out><![CDATA[✅ Launching browser: chrome on thread: 45
✅ Launching browser: firefox on thread: 46
✅ Launching browser: edge on thread: 47
]]></system-out>
    <system-err><![CDATA[July 31, 2025 11:43:47 AM org.openqa.selenium.devtools.CdpVersionFinder findNearestMatch
WARNING: Unable to find CDP implementation matching 138
July 31, 2025 11:43:47 AM org.openqa.selenium.chromium.ChromiumDriver lambda$new$5
WARNING: Unable to find version of CDP to use for 138.0.7204.183. You may need to include a dependency on a specific version of the CDP using something similar to `org.seleniumhq.selenium:selenium-devtools-v86:4.21.0` where the version ("v86") matches the version of the chromium-based browser you're using and the version number of the artifact is the same as Selenium's.
July 31, 2025 11:43:48 AM org.openqa.selenium.devtools.CdpVersionFinder findNearestMatch
WARNING: Unable to find CDP implementation matching 138
July 31, 2025 11:43:48 AM org.openqa.selenium.chromium.ChromiumDriver lambda$new$5
WARNING: Unable to find version of CDP to use for 138.0.3351.109. You may need to include a dependency on a specific version of the CDP using something similar to `org.seleniumhq.selenium:selenium-devtools-v86:4.21.0` where the version ("v86") matches the version of the chromium-based browser you're using and the version number of the artifact is the same as Selenium's.
]]></system-err>
  </testcase>
  <testcase name="testInvalidLoginShowsErrorMessage[admin,  123](9)" classname="com.shejuti.tests.LoginTest" time="0.282">
    <system-out><![CDATA[✅ Launching browser: firefox on thread: 46
]]></system-out>
  </testcase>
  <testcase name="testValidLogin" classname="com.shejuti.tests.LoginTest" time="0.326">
    <system-out><![CDATA[✅ Launching browser: chrome on thread: 45
]]></system-out>
    <system-err><![CDATA[July 31, 2025 11:43:49 AM org.openqa.selenium.devtools.CdpVersionFinder findNearestMatch
WARNING: Unable to find CDP implementation matching 138
July 31, 2025 11:43:49 AM org.openqa.selenium.chromium.ChromiumDriver lambda$new$5
WARNING: Unable to find version of CDP to use for 138.0.7204.183. You may need to include a dependency on a specific version of the CDP using something similar to `org.seleniumhq.selenium:selenium-devtools-v86:4.21.0` where the version ("v86") matches the version of the chromium-based browser you're using and the version number of the artifact is the same as Selenium's.
]]></system-err>
  </testcase>
  <testcase name="testValidLogin" classname="com.shejuti.tests.LoginTest" time="0.363"/>
  <testcase name="testValidLogin" classname="com.shejuti.tests.LoginTest" time="0.292">
    <system-out><![CDATA[✅ Launching browser: firefox on thread: 46
]]></system-out>
  </testcase>
</testsuite>