<?xml version="1.0" encoding="UTF-8"?>
<testng-results ignored="0" total="11" passed="11" failed="0" skipped="0">
  <reporter-output>
  </reporter-output>
  <suite started-at="2025-12-02T12:00:13 AEDT" name="Portfolio Test Suite" finished-at="2025-12-02T12:00:40 AEDT" duration-ms="27129">
    <groups>
    </groups>
    <test started-at="2025-12-02T12:00:13 AEDT" name="Login Tests - Firefox" finished-at="2025-12-02T12:00:13 AEDT" duration-ms="9">
    </test> <!-- Login Tests - Firefox -->
    <test started-at="2025-12-02T12:00:13 AEDT" name="Login Tests - Edge" finished-at="2025-12-02T12:00:13 AEDT" duration-ms="9">
    </test> <!-- Login Tests - Edge -->
    <test started-at="2025-12-02T12:00:13 AEDT" name="Home Tests - Firefox" finished-at="2025-12-02T12:00:13 AEDT" duration-ms="0">
    </test> <!-- Home Tests - Firefox -->
    <test started-at="2025-12-02T12:00:13 AEDT" name="Home Tests - Chrome" finished-at="2025-12-02T12:00:13 AEDT" duration-ms="0">
    </test> <!-- Home Tests - Chrome -->
    <test started-at="2025-12-02T12:00:13 AEDT" name="Home Tests - Edge" finished-at="2025-12-02T12:00:13 AEDT" duration-ms="0">
    </test> <!-- Home Tests - Edge -->
    <test started-at="2025-12-02T12:00:13 AEDT" name="Contact Tests - Chrome" finished-at="2025-12-02T12:00:13 AEDT" duration-ms="0">
    </test> <!-- Contact Tests - Chrome -->
    <test started-at="2025-12-02T12:00:13 AEDT" name="Contact Tests - Firefox" finished-at="2025-12-02T12:00:13 AEDT" duration-ms="0">
    </test> <!-- Contact Tests - Firefox -->
    <test started-at="2025-12-02T12:00:13 AEDT" name="Contact Tests - Edge" finished-at="2025-12-02T12:00:13 AEDT" duration-ms="0">
    </test> <!-- Contact Tests - Edge -->
    <test started-at="2025-12-02T12:00:13 AEDT" name="Testing Demo Tests - Chrome" finished-at="2025-12-02T12:00:13 AEDT" duration-ms="0">
    </test> <!-- Testing Demo Tests - Chrome -->
    <test started-at="2025-12-02T12:00:13 AEDT" name="Testing Demo Tests - Firefox" finished-at="2025-12-02T12:00:13 AEDT" duration-ms="0">
    </test> <!-- Testing Demo Tests - Firefox -->
    <test started-at="2025-12-02T12:00:13 AEDT" name="Testing Demo Tests - Edge" finished-at="2025-12-02T12:00:13 AEDT" duration-ms="0">
    </test> <!-- Testing Demo Tests - Edge -->
    <test started-at="2025-12-02T12:00:13 AEDT" name="Login Tests - Chrome" finished-at="2025-12-02T12:00:40 AEDT" duration-ms="27129">
      <class name="com.shejuti.tests.LoginTest">
        <test-method is-config="true" signature="setUpDriver(java.lang.String)[pri:0, instance:com.shejuti.tests.LoginTest@158d2680]" started-at="2025-12-02T12:00:13 AEDT" name="setUpDriver" finished-at="2025-12-02T12:00:18 AEDT" duration-ms="4746" status="PASS">
          <params>
            <param index="0">
              <value>
                <![CDATA[chrome]]>
              </value>
            </param>
          </params>
          <reporter-output>
          </reporter-output>
        </test-method> <!-- setUpDriver -->
        <test-method signature="testAdminAndPasswordBothMandatoryForLogin()[pri:0, instance:com.shejuti.tests.LoginTest@158d2680]" started-at="2025-12-02T12:00:18 AEDT" name="testAdminAndPasswordBothMandatoryForLogin" description="Verify empty login credentials shows prompt message" finished-at="2025-12-02T12:00:19 AEDT" duration-ms="924" status="PASS">
          <reporter-output>
          </reporter-output>
        </test-method> <!-- testAdminAndPasswordBothMandatoryForLogin -->
        <test-method is-config="true" signature="tearDown()[pri:0, instance:com.shejuti.tests.LoginTest@158d2680]" started-at="2025-12-02T12:00:19 AEDT" name="tearDown" finished-at="2025-12-02T12:00:19 AEDT" duration-ms="200" status="PASS">
          <reporter-output>
          </reporter-output>
        </test-method> <!-- tearDown -->
        <test-method is-config="true" signature="setUpDriver(java.lang.String)[pri:0, instance:com.shejuti.tests.LoginTest@158d2680]" started-at="2025-12-02T12:00:19 AEDT" name="setUpDriver" finished-at="2025-12-02T12:00:20 AEDT" duration-ms="1360" status="PASS">
          <params>
            <param index="0">
              <value>
                <![CDATA[chrome]]>
              </value>
            </param>
          </params>
          <reporter-output>
          </reporter-output>
        </test-method> <!-- setUpDriver -->
        <test-method signature="testInvalidLoginShowsErrorMessage(java.lang.String,java.lang.String)[pri:0, instance:com.shejuti.tests.LoginTest@158d2680]" started-at="2025-12-02T12:00:20 AEDT" name="testInvalidLoginShowsErrorMessage" description="Verify invalid login credentials shows error message" data-provider="loginData" finished-at="2025-12-02T12:00:21 AEDT" duration-ms="870" status="PASS">
          <params>
            <param index="0">
              <value>
                <![CDATA[wrongadmin]]>
              </value>
            </param>
            <param index="1">
              <value>
                <![CDATA[123]]>
              </value>
            </param>
          </params>
          <reporter-output>
          </reporter-output>
        </test-method> <!-- testInvalidLoginShowsErrorMessage -->
        <test-method is-config="true" signature="tearDown()[pri:0, instance:com.shejuti.tests.LoginTest@158d2680]" started-at="2025-12-02T12:00:21 AEDT" name="tearDown" finished-at="2025-12-02T12:00:22 AEDT" duration-ms="196" status="PASS">
          <reporter-output>
          </reporter-output>
        </test-method> <!-- tearDown -->
        <test-method is-config="true" signature="setUpDriver(java.lang.String)[pri:0, instance:com.shejuti.tests.LoginTest@158d2680]" started-at="2025-12-02T12:00:22 AEDT" name="setUpDriver" finished-at="2025-12-02T12:00:23 AEDT" duration-ms="1154" status="PASS">
          <params>
            <param index="0">
              <value>
                <![CDATA[chrome]]>
              </value>
            </param>
          </params>
          <reporter-output>
          </reporter-output>
        </test-method> <!-- setUpDriver -->
        <test-method signature="testInvalidLoginShowsErrorMessage(java.lang.String,java.lang.String)[pri:0, instance:com.shejuti.tests.LoginTest@158d2680]" started-at="2025-12-02T12:00:23 AEDT" name="testInvalidLoginShowsErrorMessage" description="Verify invalid login credentials shows error message" data-provider="loginData" finished-at="2025-12-02T12:00:23 AEDT" duration-ms="707" status="PASS">
          <params>
            <param index="0">
              <value>
                <![CDATA[admin]]>
              </value>
            </param>
            <param index="1">
              <value>
                <![CDATA[123456]]>
              </value>
            </param>
          </params>
          <reporter-output>
          </reporter-output>
        </test-method> <!-- testInvalidLoginShowsErrorMessage -->
        <test-method is-config="true" signature="tearDown()[pri:0, instance:com.shejuti.tests.LoginTest@158d2680]" started-at="2025-12-02T12:00:23 AEDT" name="tearDown" finished-at="2025-12-02T12:00:24 AEDT" duration-ms="188" status="PASS">
          <reporter-output>
          </reporter-output>
        </test-method> <!-- tearDown -->
        <test-method is-config="true" signature="setUpDriver(java.lang.String)[pri:0, instance:com.shejuti.tests.LoginTest@158d2680]" started-at="2025-12-02T12:00:24 AEDT" name="setUpDriver" finished-at="2025-12-02T12:00:25 AEDT" duration-ms="1023" status="PASS">
          <params>
            <param index="0">
              <value>
                <![CDATA[chrome]]>
              </value>
            </param>
          </params>
          <reporter-output>
          </reporter-output>
        </test-method> <!-- setUpDriver -->
        <test-method signature="testInvalidLoginShowsErrorMessage(java.lang.String,java.lang.String)[pri:0, instance:com.shejuti.tests.LoginTest@158d2680]" started-at="2025-12-02T12:00:25 AEDT" name="testInvalidLoginShowsErrorMessage" description="Verify invalid login credentials shows error message" data-provider="loginData" finished-at="2025-12-02T12:00:25 AEDT" duration-ms="658" status="PASS">
          <params>
            <param index="0">
              <value>
                <![CDATA[admin ]]>
              </value>
            </param>
            <param index="1">
              <value>
                <![CDATA[123]]>
              </value>
            </param>
          </params>
          <reporter-output>
          </reporter-output>
        </test-method> <!-- testInvalidLoginShowsErrorMessage -->
        <test-method is-config="true" signature="tearDown()[pri:0, instance:com.shejuti.tests.LoginTest@158d2680]" started-at="2025-12-02T12:00:25 AEDT" name="tearDown" finished-at="2025-12-02T12:00:26 AEDT" duration-ms="214" status="PASS">
          <reporter-output>
          </reporter-output>
        </test-method> <!-- tearDown -->
        <test-method is-config="true" signature="setUpDriver(java.lang.String)[pri:0, instance:com.shejuti.tests.LoginTest@158d2680]" started-at="2025-12-02T12:00:26 AEDT" name="setUpDriver" finished-at="2025-12-02T12:00:27 AEDT" duration-ms="1353" status="PASS">
          <params>
            <param index="0">
              <value>
                <![CDATA[chrome]]>
              </value>
            </param>
          </params>
          <reporter-output>
          </reporter-output>
        </test-method> <!-- setUpDriver -->
        <test-method signature="testInvalidLoginShowsErrorMessage(java.lang.String,java.lang.String)[pri:0, instance:com.shejuti.tests.LoginTest@158d2680]" started-at="2025-12-02T12:00:27 AEDT" name="testInvalidLoginShowsErrorMessage" description="Verify invalid login credentials shows error message" data-provider="loginData" finished-at="2025-12-02T12:00:28 AEDT" duration-ms="834" status="PASS">
          <params>
            <param index="0">
              <value>
                <![CDATA[admin]]>
              </value>
            </param>
            <param index="1">
              <value>
                <![CDATA[123 ]]>
              </value>
            </param>
          </params>
          <reporter-output>
          </reporter-output>
        </test-method> <!-- testInvalidLoginShowsErrorMessage -->
        <test-method is-config="true" signature="tearDown()[pri:0, instance:com.shejuti.tests.LoginTest@158d2680]" started-at="2025-12-02T12:00:28 AEDT" name="tearDown" finished-at="2025-12-02T12:00:28 AEDT" duration-ms="160" status="PASS">
          <reporter-output>
          </reporter-output>
        </test-method> <!-- tearDown -->
        <test-method is-config="true" signature="setUpDriver(java.lang.String)[pri:0, instance:com.shejuti.tests.LoginTest@158d2680]" started-at="2025-12-02T12:00:28 AEDT" name="setUpDriver" finished-at="2025-12-02T12:00:29 AEDT" duration-ms="961" status="PASS">
          <params>
            <param index="0">
              <value>
                <![CDATA[chrome]]>
              </value>
            </param>
          </params>
          <reporter-output>
          </reporter-output>
        </test-method> <!-- setUpDriver -->
        <test-method signature="testInvalidLoginShowsErrorMessage(java.lang.String,java.lang.String)[pri:0, instance:com.shejuti.tests.LoginTest@158d2680]" started-at="2025-12-02T12:00:29 AEDT" name="testInvalidLoginShowsErrorMessage" description="Verify invalid login credentials shows error message" data-provider="loginData" finished-at="2025-12-02T12:00:29 AEDT" duration-ms="632" status="PASS">
          <params>
            <param index="0">
              <value>
                <![CDATA[ ]]>
              </value>
            </param>
            <param index="1">
              <value>
                <![CDATA[123]]>
              </value>
            </param>
          </params>
          <reporter-output>
          </reporter-output>
        </test-method> <!-- testInvalidLoginShowsErrorMessage -->
        <test-method is-config="true" signature="tearDown()[pri:0, instance:com.shejuti.tests.LoginTest@158d2680]" started-at="2025-12-02T12:00:29 AEDT" name="tearDown" finished-at="2025-12-02T12:00:30 AEDT" duration-ms="362" status="PASS">
          <reporter-output>
          </reporter-output>
        </test-method> <!-- tearDown -->
        <test-method is-config="true" signature="setUpDriver(java.lang.String)[pri:0, instance:com.shejuti.tests.LoginTest@158d2680]" started-at="2025-12-02T12:00:30 AEDT" name="setUpDriver" finished-at="2025-12-02T12:00:31 AEDT" duration-ms="967" status="PASS">
          <params>
            <param index="0">
              <value>
                <![CDATA[chrome]]>
              </value>
            </param>
          </params>
          <reporter-output>
          </reporter-output>
        </test-method> <!-- setUpDriver -->
        <test-method signature="testInvalidLoginShowsErrorMessage(java.lang.String,java.lang.String)[pri:0, instance:com.shejuti.tests.LoginTest@158d2680]" started-at="2025-12-02T12:00:31 AEDT" name="testInvalidLoginShowsErrorMessage" description="Verify invalid login credentials shows error message" data-provider="loginData" finished-at="2025-12-02T12:00:31 AEDT" duration-ms="580" status="PASS">
          <params>
            <param index="0">
              <value>
                <![CDATA[admin]]>
              </value>
            </param>
            <param index="1">
              <value>
                <![CDATA[ ]]>
              </value>
            </param>
          </params>
          <reporter-output>
          </reporter-output>
        </test-method> <!-- testInvalidLoginShowsErrorMessage -->
        <test-method is-config="true" signature="tearDown()[pri:0, instance:com.shejuti.tests.LoginTest@158d2680]" started-at="2025-12-02T12:00:31 AEDT" name="tearDown" finished-at="2025-12-02T12:00:32 AEDT" duration-ms="247" status="PASS">
          <reporter-output>
          </reporter-output>
        </test-method> <!-- tearDown -->
        <test-method is-config="true" signature="setUpDriver(java.lang.String)[pri:0, instance:com.shejuti.tests.LoginTest@158d2680]" started-at="2025-12-02T12:00:32 AEDT" name="setUpDriver" finished-at="2025-12-02T12:00:33 AEDT" duration-ms="960" status="PASS">
          <params>
            <param index="0">
              <value>
                <![CDATA[chrome]]>
              </value>
            </param>
          </params>
          <reporter-output>
          </reporter-output>
        </test-method> <!-- setUpDriver -->
        <test-method signature="testInvalidLoginShowsErrorMessage(java.lang.String,java.lang.String)[pri:0, instance:com.shejuti.tests.LoginTest@158d2680]" started-at="2025-12-02T12:00:33 AEDT" name="testInvalidLoginShowsErrorMessage" description="Verify invalid login credentials shows error message" data-provider="loginData" finished-at="2025-12-02T12:00:33 AEDT" duration-ms="788" status="PASS">
          <params>
            <param index="0">
              <value>
                <![CDATA[ ]]>
              </value>
            </param>
            <param index="1">
              <value>
                <![CDATA[ ]]>
              </value>
            </param>
          </params>
          <reporter-output>
          </reporter-output>
        </test-method> <!-- testInvalidLoginShowsErrorMessage -->
        <test-method is-config="true" signature="tearDown()[pri:0, instance:com.shejuti.tests.LoginTest@158d2680]" started-at="2025-12-02T12:00:33 AEDT" name="tearDown" finished-at="2025-12-02T12:00:34 AEDT" duration-ms="170" status="PASS">
          <reporter-output>
          </reporter-output>
        </test-method> <!-- tearDown -->
        <test-method is-config="true" signature="setUpDriver(java.lang.String)[pri:0, instance:com.shejuti.tests.LoginTest@158d2680]" started-at="2025-12-02T12:00:34 AEDT" name="setUpDriver" finished-at="2025-12-02T12:00:35 AEDT" duration-ms="992" status="PASS">
          <params>
            <param index="0">
              <value>
                <![CDATA[chrome]]>
              </value>
            </param>
          </params>
          <reporter-output>
          </reporter-output>
        </test-method> <!-- setUpDriver -->
        <test-method signature="testInvalidLoginShowsErrorMessage(java.lang.String,java.lang.String)[pri:0, instance:com.shejuti.tests.LoginTest@158d2680]" started-at="2025-12-02T12:00:35 AEDT" name="testInvalidLoginShowsErrorMessage" description="Verify invalid login credentials shows error message" data-provider="loginData" finished-at="2025-12-02T12:00:35 AEDT" duration-ms="972" status="PASS">
          <params>
            <param index="0">
              <value>
                <![CDATA[ admin]]>
              </value>
            </param>
            <param index="1">
              <value>
                <![CDATA[123]]>
              </value>
            </param>
          </params>
          <reporter-output>
          </reporter-output>
        </test-method> <!-- testInvalidLoginShowsErrorMessage -->
        <test-method is-config="true" signature="tearDown()[pri:0, instance:com.shejuti.tests.LoginTest@158d2680]" started-at="2025-12-02T12:00:35 AEDT" name="tearDown" finished-at="2025-12-02T12:00:36 AEDT" duration-ms="203" status="PASS">
          <reporter-output>
          </reporter-output>
        </test-method> <!-- tearDown -->
        <test-method is-config="true" signature="setUpDriver(java.lang.String)[pri:0, instance:com.shejuti.tests.LoginTest@158d2680]" started-at="2025-12-02T12:00:36 AEDT" name="setUpDriver" finished-at="2025-12-02T12:00:37 AEDT" duration-ms="1321" status="PASS">
          <params>
            <param index="0">
              <value>
                <![CDATA[chrome]]>
              </value>
            </param>
          </params>
          <reporter-output>
          </reporter-output>
        </test-method> <!-- setUpDriver -->
        <test-method signature="testInvalidLoginShowsErrorMessage(java.lang.String,java.lang.String)[pri:0, instance:com.shejuti.tests.LoginTest@158d2680]" started-at="2025-12-02T12:00:37 AEDT" name="testInvalidLoginShowsErrorMessage" description="Verify invalid login credentials shows error message" data-provider="loginData" finished-at="2025-12-02T12:00:38 AEDT" duration-ms="847" status="PASS">
          <params>
            <param index="0">
              <value>
                <![CDATA[admin]]>
              </value>
            </param>
            <param index="1">
              <value>
                <![CDATA[ 123]]>
              </value>
            </param>
          </params>
          <reporter-output>
          </reporter-output>
        </test-method> <!-- testInvalidLoginShowsErrorMessage -->
        <test-method is-config="true" signature="tearDown()[pri:0, instance:com.shejuti.tests.LoginTest@158d2680]" started-at="2025-12-02T12:00:38 AEDT" name="tearDown" finished-at="2025-12-02T12:00:38 AEDT" duration-ms="234" status="PASS">
          <reporter-output>
          </reporter-output>
        </test-method> <!-- tearDown -->
        <test-method is-config="true" signature="setUpDriver(java.lang.String)[pri:0, instance:com.shejuti.tests.LoginTest@158d2680]" started-at="2025-12-02T12:00:38 AEDT" name="setUpDriver" finished-at="2025-12-02T12:00:39 AEDT" duration-ms="1242" status="PASS">
          <params>
            <param index="0">
              <value>
                <![CDATA[chrome]]>
              </value>
            </param>
          </params>
          <reporter-output>
          </reporter-output>
        </test-method> <!-- setUpDriver -->
        <test-method signature="testValidLogin()[pri:0, instance:com.shejuti.tests.LoginTest@158d2680]" started-at="2025-12-02T12:00:39 AEDT" name="testValidLogin" description="Verify valid login credentials logs into the system" finished-at="2025-12-02T12:00:40 AEDT" duration-ms="813" status="PASS">
          <reporter-output>
          </reporter-output>
        </test-method> <!-- testValidLogin -->
        <test-method is-config="true" signature="tearDown()[pri:0, instance:com.shejuti.tests.LoginTest@158d2680]" started-at="2025-12-02T12:00:40 AEDT" name="tearDown" finished-at="2025-12-02T12:00:40 AEDT" duration-ms="168" status="PASS">
          <reporter-output>
          </reporter-output>
        </test-method> <!-- tearDown -->
      </class> <!-- com.shejuti.tests.LoginTest -->
    </test> <!-- Login Tests - Chrome -->
  </suite> <!-- Portfolio Test Suite -->
</testng-results>
