<?xml version="1.0" encoding="UTF-8"?>
<testng-results ignored="0" total="2" passed="2" failed="0" skipped="0">
  <reporter-output>
  </reporter-output>
  <suite started-at="2025-07-11T13:24:09 AEST" name="Portfolio Test Suite" finished-at="2025-07-11T13:24:13 AEST" duration-ms="4941">
    <groups>
    </groups>
    <test started-at="2025-07-11T13:24:09 AEST" name="Login Tests" finished-at="2025-07-11T13:24:13 AEST" duration-ms="4941">
      <class name="com.shejuti.tests.LoginTest">
        <test-method is-config="true" signature="setUp()[pri:0, instance:com.shejuti.tests.LoginTest@3857f613]" started-at="2025-07-11T13:24:09 AEST" name="setUp" finished-at="2025-07-11T13:24:11 AEST" duration-ms="2772" status="PASS">
          <reporter-output>
          </reporter-output>
        </test-method> <!-- setUp -->
        <test-method signature="testInvalidLoginShowsErrorMessage()[pri:0, instance:com.shejuti.tests.LoginTest@3857f613]" started-at="2025-07-11T13:24:11 AEST" name="testInvalidLoginShowsErrorMessage" finished-at="2025-07-11T13:24:12 AEST" duration-ms="321" status="PASS">
          <reporter-output>
          </reporter-output>
        </test-method> <!-- testInvalidLoginShowsErrorMessage -->
        <test-method is-config="true" signature="tearDown()[pri:0, instance:com.shejuti.tests.LoginTest@3857f613]" started-at="2025-07-11T13:24:12 AEST" name="tearDown" finished-at="2025-07-11T13:24:12 AEST" duration-ms="160" status="PASS">
          <reporter-output>
          </reporter-output>
        </test-method> <!-- tearDown -->
        <test-method is-config="true" signature="setUp()[pri:0, instance:com.shejuti.tests.LoginTest@3857f613]" started-at="2025-07-11T13:24:12 AEST" name="setUp" finished-at="2025-07-11T13:24:13 AEST" duration-ms="1253" status="PASS">
          <reporter-output>
          </reporter-output>
        </test-method> <!-- setUp -->
        <test-method signature="testValidLogin()[pri:0, instance:com.shejuti.tests.LoginTest@3857f613]" started-at="2025-07-11T13:24:13 AEST" name="testValidLogin" finished-at="2025-07-11T13:24:13 AEST" duration-ms="302" status="PASS">
          <reporter-output>
          </reporter-output>
        </test-method> <!-- testValidLogin -->
        <test-method is-config="true" signature="tearDown()[pri:0, instance:com.shejuti.tests.LoginTest@3857f613]" started-at="2025-07-11T13:24:13 AEST" name="tearDown" finished-at="2025-07-11T13:24:13 AEST" duration-ms="107" status="PASS">
          <reporter-output>
          </reporter-output>
        </test-method> <!-- tearDown -->
      </class> <!-- com.shejuti.tests.LoginTest -->
    </test> <!-- Login Tests -->
  </suite> <!-- Portfolio Test Suite -->
</testng-results>
