<?xml version="1.0" encoding="UTF-8"?>
<testng-results ignored="0" total="11" passed="11" failed="0" skipped="0">
  <reporter-output>
  </reporter-output>
  <suite started-at="2025-08-05T10:53:53 AEST" name="Portfolio Test Suite - Firefox" finished-at="2025-08-05T10:54:29 AEST" duration-ms="35632">
    <groups>
    </groups>
    <test started-at="2025-08-05T10:53:53 AEST" name="Login Tests" finished-at="2025-08-05T10:54:29 AEST" duration-ms="35613">
      <class name="com.shejuti.tests.LoginTest">
        <test-method is-config="true" signature="setUpDriver(java.lang.String)[pri:0, instance:com.shejuti.tests.LoginTest@7eac9008]" started-at="2025-08-05T10:53:53 AEST" name="setUpDriver" finished-at="2025-08-05T10:53:57 AEST" duration-ms="3682" status="PASS">
          <params>
            <param index="0">
              <value>
                <![CDATA[firefox]]>
              </value>
            </param>
          </params>
          <reporter-output>
          </reporter-output>
        </test-method> <!-- setUpDriver -->
        <test-method signature="testAdminAndPasswordBothMandatoryForLogin()[pri:0, instance:com.shejuti.tests.LoginTest@7eac9008]" started-at="2025-08-05T10:53:57 AEST" name="testAdminAndPasswordBothMandatoryForLogin" description="Verify empty login credentials shows prompt message" finished-at="2025-08-05T10:53:57 AEST" duration-ms="515" status="PASS">
          <reporter-output>
          </reporter-output>
        </test-method> <!-- testAdminAndPasswordBothMandatoryForLogin -->
        <test-method is-config="true" signature="tearDown()[pri:0, instance:com.shejuti.tests.LoginTest@7eac9008]" started-at="2025-08-05T10:53:57 AEST" name="tearDown" finished-at="2025-08-05T10:53:58 AEST" duration-ms="583" status="PASS">
          <reporter-output>
          </reporter-output>
        </test-method> <!-- tearDown -->
        <test-method is-config="true" signature="setUpDriver(java.lang.String)[pri:0, instance:com.shejuti.tests.LoginTest@7eac9008]" started-at="2025-08-05T10:53:58 AEST" name="setUpDriver" finished-at="2025-08-05T10:54:00 AEST" duration-ms="2177" status="PASS">
          <params>
            <param index="0">
              <value>
                <![CDATA[firefox]]>
              </value>
            </param>
          </params>
          <reporter-output>
          </reporter-output>
        </test-method> <!-- setUpDriver -->
        <test-method signature="testInvalidLoginShowsErrorMessage(java.lang.String,java.lang.String)[pri:0, instance:com.shejuti.tests.LoginTest@7eac9008]" started-at="2025-08-05T10:54:00 AEST" name="testInvalidLoginShowsErrorMessage" description="Verify invalid login credentials shows error message" data-provider="loginData" finished-at="2025-08-05T10:54:00 AEST" duration-ms="326" status="PASS">
          <params>
            <param index="0">
              <value>
                <![CDATA[wrongadmin]]>
              </value>
            </param>
            <param index="1">
              <value>
                <![CDATA[123]]>
              </value>
            </param>
          </params>
          <reporter-output>
          </reporter-output>
        </test-method> <!-- testInvalidLoginShowsErrorMessage -->
        <test-method is-config="true" signature="tearDown()[pri:0, instance:com.shejuti.tests.LoginTest@7eac9008]" started-at="2025-08-05T10:54:00 AEST" name="tearDown" finished-at="2025-08-05T10:54:01 AEST" duration-ms="674" status="PASS">
          <reporter-output>
          </reporter-output>
        </test-method> <!-- tearDown -->
        <test-method is-config="true" signature="setUpDriver(java.lang.String)[pri:0, instance:com.shejuti.tests.LoginTest@7eac9008]" started-at="2025-08-05T10:54:01 AEST" name="setUpDriver" finished-at="2025-08-05T10:54:03 AEST" duration-ms="2169" status="PASS">
          <params>
            <param index="0">
              <value>
                <![CDATA[firefox]]>
              </value>
            </param>
          </params>
          <reporter-output>
          </reporter-output>
        </test-method> <!-- setUpDriver -->
        <test-method signature="testInvalidLoginShowsErrorMessage(java.lang.String,java.lang.String)[pri:0, instance:com.shejuti.tests.LoginTest@7eac9008]" started-at="2025-08-05T10:54:03 AEST" name="testInvalidLoginShowsErrorMessage" description="Verify invalid login credentials shows error message" data-provider="loginData" finished-at="2025-08-05T10:54:03 AEST" duration-ms="289" status="PASS">
          <params>
            <param index="0">
              <value>
                <![CDATA[admin]]>
              </value>
            </param>
            <param index="1">
              <value>
                <![CDATA[123456]]>
              </value>
            </param>
          </params>
          <reporter-output>
          </reporter-output>
        </test-method> <!-- testInvalidLoginShowsErrorMessage -->
        <test-method is-config="true" signature="tearDown()[pri:0, instance:com.shejuti.tests.LoginTest@7eac9008]" started-at="2025-08-05T10:54:03 AEST" name="tearDown" finished-at="2025-08-05T10:54:04 AEST" duration-ms="654" status="PASS">
          <reporter-output>
          </reporter-output>
        </test-method> <!-- tearDown -->
        <test-method is-config="true" signature="setUpDriver(java.lang.String)[pri:0, instance:com.shejuti.tests.LoginTest@7eac9008]" started-at="2025-08-05T10:54:04 AEST" name="setUpDriver" finished-at="2025-08-05T10:54:06 AEST" duration-ms="2212" status="PASS">
          <params>
            <param index="0">
              <value>
                <![CDATA[firefox]]>
              </value>
            </param>
          </params>
          <reporter-output>
          </reporter-output>
        </test-method> <!-- setUpDriver -->
        <test-method signature="testInvalidLoginShowsErrorMessage(java.lang.String,java.lang.String)[pri:0, instance:com.shejuti.tests.LoginTest@7eac9008]" started-at="2025-08-05T10:54:06 AEST" name="testInvalidLoginShowsErrorMessage" description="Verify invalid login credentials shows error message" data-provider="loginData" finished-at="2025-08-05T10:54:07 AEST" duration-ms="294" status="PASS">
          <params>
            <param index="0">
              <value>
                <![CDATA[admin ]]>
              </value>
            </param>
            <param index="1">
              <value>
                <![CDATA[123]]>
              </value>
            </param>
          </params>
          <reporter-output>
          </reporter-output>
        </test-method> <!-- testInvalidLoginShowsErrorMessage -->
        <test-method is-config="true" signature="tearDown()[pri:0, instance:com.shejuti.tests.LoginTest@7eac9008]" started-at="2025-08-05T10:54:07 AEST" name="tearDown" finished-at="2025-08-05T10:54:07 AEST" duration-ms="655" status="PASS">
          <reporter-output>
          </reporter-output>
        </test-method> <!-- tearDown -->
        <test-method is-config="true" signature="setUpDriver(java.lang.String)[pri:0, instance:com.shejuti.tests.LoginTest@7eac9008]" started-at="2025-08-05T10:54:07 AEST" name="setUpDriver" finished-at="2025-08-05T10:54:09 AEST" duration-ms="2131" status="PASS">
          <params>
            <param index="0">
              <value>
                <![CDATA[firefox]]>
              </value>
            </param>
          </params>
          <reporter-output>
          </reporter-output>
        </test-method> <!-- setUpDriver -->
        <test-method signature="testInvalidLoginShowsErrorMessage(java.lang.String,java.lang.String)[pri:0, instance:com.shejuti.tests.LoginTest@7eac9008]" started-at="2025-08-05T10:54:09 AEST" name="testInvalidLoginShowsErrorMessage" description="Verify invalid login credentials shows error message" data-provider="loginData" finished-at="2025-08-05T10:54:10 AEST" duration-ms="295" status="PASS">
          <params>
            <param index="0">
              <value>
                <![CDATA[admin]]>
              </value>
            </param>
            <param index="1">
              <value>
                <![CDATA[123 ]]>
              </value>
            </param>
          </params>
          <reporter-output>
          </reporter-output>
        </test-method> <!-- testInvalidLoginShowsErrorMessage -->
        <test-method is-config="true" signature="tearDown()[pri:0, instance:com.shejuti.tests.LoginTest@7eac9008]" started-at="2025-08-05T10:54:10 AEST" name="tearDown" finished-at="2025-08-05T10:54:10 AEST" duration-ms="555" status="PASS">
          <reporter-output>
          </reporter-output>
        </test-method> <!-- tearDown -->
        <test-method is-config="true" signature="setUpDriver(java.lang.String)[pri:0, instance:com.shejuti.tests.LoginTest@7eac9008]" started-at="2025-08-05T10:54:10 AEST" name="setUpDriver" finished-at="2025-08-05T10:54:12 AEST" duration-ms="2109" status="PASS">
          <params>
            <param index="0">
              <value>
                <![CDATA[firefox]]>
              </value>
            </param>
          </params>
          <reporter-output>
          </reporter-output>
        </test-method> <!-- setUpDriver -->
        <test-method signature="testInvalidLoginShowsErrorMessage(java.lang.String,java.lang.String)[pri:0, instance:com.shejuti.tests.LoginTest@7eac9008]" started-at="2025-08-05T10:54:12 AEST" name="testInvalidLoginShowsErrorMessage" description="Verify invalid login credentials shows error message" data-provider="loginData" finished-at="2025-08-05T10:54:13 AEST" duration-ms="290" status="PASS">
          <params>
            <param index="0">
              <value>
                <![CDATA[ ]]>
              </value>
            </param>
            <param index="1">
              <value>
                <![CDATA[123]]>
              </value>
            </param>
          </params>
          <reporter-output>
          </reporter-output>
        </test-method> <!-- testInvalidLoginShowsErrorMessage -->
        <test-method is-config="true" signature="tearDown()[pri:0, instance:com.shejuti.tests.LoginTest@7eac9008]" started-at="2025-08-05T10:54:13 AEST" name="tearDown" finished-at="2025-08-05T10:54:13 AEST" duration-ms="553" status="PASS">
          <reporter-output>
          </reporter-output>
        </test-method> <!-- tearDown -->
        <test-method is-config="true" signature="setUpDriver(java.lang.String)[pri:0, instance:com.shejuti.tests.LoginTest@7eac9008]" started-at="2025-08-05T10:54:13 AEST" name="setUpDriver" finished-at="2025-08-05T10:54:15 AEST" duration-ms="2163" status="PASS">
          <params>
            <param index="0">
              <value>
                <![CDATA[firefox]]>
              </value>
            </param>
          </params>
          <reporter-output>
          </reporter-output>
        </test-method> <!-- setUpDriver -->
        <test-method signature="testInvalidLoginShowsErrorMessage(java.lang.String,java.lang.String)[pri:0, instance:com.shejuti.tests.LoginTest@7eac9008]" started-at="2025-08-05T10:54:15 AEST" name="testInvalidLoginShowsErrorMessage" description="Verify invalid login credentials shows error message" data-provider="loginData" finished-at="2025-08-05T10:54:16 AEST" duration-ms="284" status="PASS">
          <params>
            <param index="0">
              <value>
                <![CDATA[admin]]>
              </value>
            </param>
            <param index="1">
              <value>
                <![CDATA[ ]]>
              </value>
            </param>
          </params>
          <reporter-output>
          </reporter-output>
        </test-method> <!-- testInvalidLoginShowsErrorMessage -->
        <test-method is-config="true" signature="tearDown()[pri:0, instance:com.shejuti.tests.LoginTest@7eac9008]" started-at="2025-08-05T10:54:16 AEST" name="tearDown" finished-at="2025-08-05T10:54:16 AEST" duration-ms="652" status="PASS">
          <reporter-output>
          </reporter-output>
        </test-method> <!-- tearDown -->
        <test-method is-config="true" signature="setUpDriver(java.lang.String)[pri:0, instance:com.shejuti.tests.LoginTest@7eac9008]" started-at="2025-08-05T10:54:16 AEST" name="setUpDriver" finished-at="2025-08-05T10:54:19 AEST" duration-ms="2197" status="PASS">
          <params>
            <param index="0">
              <value>
                <![CDATA[firefox]]>
              </value>
            </param>
          </params>
          <reporter-output>
          </reporter-output>
        </test-method> <!-- setUpDriver -->
        <test-method signature="testInvalidLoginShowsErrorMessage(java.lang.String,java.lang.String)[pri:0, instance:com.shejuti.tests.LoginTest@7eac9008]" started-at="2025-08-05T10:54:19 AEST" name="testInvalidLoginShowsErrorMessage" description="Verify invalid login credentials shows error message" data-provider="loginData" finished-at="2025-08-05T10:54:19 AEST" duration-ms="279" status="PASS">
          <params>
            <param index="0">
              <value>
                <![CDATA[ ]]>
              </value>
            </param>
            <param index="1">
              <value>
                <![CDATA[ ]]>
              </value>
            </param>
          </params>
          <reporter-output>
          </reporter-output>
        </test-method> <!-- testInvalidLoginShowsErrorMessage -->
        <test-method is-config="true" signature="tearDown()[pri:0, instance:com.shejuti.tests.LoginTest@7eac9008]" started-at="2025-08-05T10:54:19 AEST" name="tearDown" finished-at="2025-08-05T10:54:19 AEST" duration-ms="648" status="PASS">
          <reporter-output>
          </reporter-output>
        </test-method> <!-- tearDown -->
        <test-method is-config="true" signature="setUpDriver(java.lang.String)[pri:0, instance:com.shejuti.tests.LoginTest@7eac9008]" started-at="2025-08-05T10:54:19 AEST" name="setUpDriver" finished-at="2025-08-05T10:54:22 AEST" duration-ms="2169" status="PASS">
          <params>
            <param index="0">
              <value>
                <![CDATA[firefox]]>
              </value>
            </param>
          </params>
          <reporter-output>
          </reporter-output>
        </test-method> <!-- setUpDriver -->
        <test-method signature="testInvalidLoginShowsErrorMessage(java.lang.String,java.lang.String)[pri:0, instance:com.shejuti.tests.LoginTest@7eac9008]" started-at="2025-08-05T10:54:22 AEST" name="testInvalidLoginShowsErrorMessage" description="Verify invalid login credentials shows error message" data-provider="loginData" finished-at="2025-08-05T10:54:22 AEST" duration-ms="292" status="PASS">
          <params>
            <param index="0">
              <value>
                <![CDATA[ admin]]>
              </value>
            </param>
            <param index="1">
              <value>
                <![CDATA[123]]>
              </value>
            </param>
          </params>
          <reporter-output>
          </reporter-output>
        </test-method> <!-- testInvalidLoginShowsErrorMessage -->
        <test-method is-config="true" signature="tearDown()[pri:0, instance:com.shejuti.tests.LoginTest@7eac9008]" started-at="2025-08-05T10:54:22 AEST" name="tearDown" finished-at="2025-08-05T10:54:22 AEST" duration-ms="556" status="PASS">
          <reporter-output>
          </reporter-output>
        </test-method> <!-- tearDown -->
        <test-method is-config="true" signature="setUpDriver(java.lang.String)[pri:0, instance:com.shejuti.tests.LoginTest@7eac9008]" started-at="2025-08-05T10:54:22 AEST" name="setUpDriver" finished-at="2025-08-05T10:54:25 AEST" duration-ms="2183" status="PASS">
          <params>
            <param index="0">
              <value>
                <![CDATA[firefox]]>
              </value>
            </param>
          </params>
          <reporter-output>
          </reporter-output>
        </test-method> <!-- setUpDriver -->
        <test-method signature="testInvalidLoginShowsErrorMessage(java.lang.String,java.lang.String)[pri:0, instance:com.shejuti.tests.LoginTest@7eac9008]" started-at="2025-08-05T10:54:25 AEST" name="testInvalidLoginShowsErrorMessage" description="Verify invalid login credentials shows error message" data-provider="loginData" finished-at="2025-08-05T10:54:25 AEST" duration-ms="277" status="PASS">
          <params>
            <param index="0">
              <value>
                <![CDATA[admin]]>
              </value>
            </param>
            <param index="1">
              <value>
                <![CDATA[ 123]]>
              </value>
            </param>
          </params>
          <reporter-output>
          </reporter-output>
        </test-method> <!-- testInvalidLoginShowsErrorMessage -->
        <test-method is-config="true" signature="tearDown()[pri:0, instance:com.shejuti.tests.LoginTest@7eac9008]" started-at="2025-08-05T10:54:25 AEST" name="tearDown" finished-at="2025-08-05T10:54:26 AEST" duration-ms="657" status="PASS">
          <reporter-output>
          </reporter-output>
        </test-method> <!-- tearDown -->
        <test-method is-config="true" signature="setUpDriver(java.lang.String)[pri:0, instance:com.shejuti.tests.LoginTest@7eac9008]" started-at="2025-08-05T10:54:26 AEST" name="setUpDriver" finished-at="2025-08-05T10:54:28 AEST" duration-ms="2225" status="PASS">
          <params>
            <param index="0">
              <value>
                <![CDATA[firefox]]>
              </value>
            </param>
          </params>
          <reporter-output>
          </reporter-output>
        </test-method> <!-- setUpDriver -->
        <test-method signature="testValidLogin()[pri:0, instance:com.shejuti.tests.LoginTest@7eac9008]" started-at="2025-08-05T10:54:28 AEST" name="testValidLogin" description="Verify valid login credentials logs into the system" finished-at="2025-08-05T10:54:28 AEST" duration-ms="270" status="PASS">
          <reporter-output>
          </reporter-output>
        </test-method> <!-- testValidLogin -->
        <test-method is-config="true" signature="tearDown()[pri:0, instance:com.shejuti.tests.LoginTest@7eac9008]" started-at="2025-08-05T10:54:28 AEST" name="tearDown" finished-at="2025-08-05T10:54:29 AEST" duration-ms="552" status="PASS">
          <reporter-output>
          </reporter-output>
        </test-method> <!-- tearDown -->
      </class> <!-- com.shejuti.tests.LoginTest -->
    </test> <!-- Login Tests -->
    <test started-at="2025-08-05T10:54:29 AEST" name="Home Tests" finished-at="2025-08-05T10:54:29 AEST" duration-ms="0">
    </test> <!-- Home Tests -->
    <test started-at="2025-08-05T10:54:29 AEST" name="Contact Tests" finished-at="2025-08-05T10:54:29 AEST" duration-ms="1">
    </test> <!-- Contact Tests -->
    <test started-at="2025-08-05T10:54:29 AEST" name="Testing Demo Tests" finished-at="2025-08-05T10:54:29 AEST" duration-ms="1">
    </test> <!-- Testing Demo Tests -->
  </suite> <!-- Portfolio Test Suite - Firefox -->
</testng-results>
