<?xml version="1.0" encoding="UTF-8"?>
<testng-results ignored="0" total="1" passed="1" failed="0" skipped="0">
  <reporter-output>
  </reporter-output>
  <suite started-at="2025-07-19T17:05:04 AEST" name="Portfolio Test Suite" finished-at="2025-07-19T17:05:07 AEST" duration-ms="3220">
    <groups>
    </groups>
    <test started-at="2025-07-19T17:05:04 AEST" name="Login Tests" finished-at="2025-07-19T17:05:07 AEST" duration-ms="3220">
      <class name="com.shejuti.tests.TestingDemoTest">
        <test-method is-config="true" signature="setUp()[pri:0, instance:com.shejuti.tests.TestingDemoTest@1573f9fc]" started-at="2025-07-19T17:05:04 AEST" name="setUp" finished-at="2025-07-19T17:05:07 AEST" duration-ms="2420" status="PASS">
          <reporter-output>
          </reporter-output>
        </test-method> <!-- setUp -->
        <test-method signature="testFileUpload()[pri:0, instance:com.shejuti.tests.TestingDemoTest@1573f9fc]" started-at="2025-07-19T17:05:07 AEST" name="testFileUpload" finished-at="2025-07-19T17:05:07 AEST" duration-ms="502" status="PASS">
          <reporter-output>
          </reporter-output>
        </test-method> <!-- testFileUpload -->
        <test-method is-config="true" signature="tearDown()[pri:0, instance:com.shejuti.tests.TestingDemoTest@1573f9fc]" started-at="2025-07-19T17:05:07 AEST" name="tearDown" finished-at="2025-07-19T17:05:07 AEST" duration-ms="250" status="PASS">
          <reporter-output>
          </reporter-output>
        </test-method> <!-- tearDown -->
      </class> <!-- com.shejuti.tests.TestingDemoTest -->
    </test> <!-- Login Tests -->
  </suite> <!-- Portfolio Test Suite -->
</testng-results>
