<?xml version="1.0" encoding="UTF-8"?>
<testng-results ignored="0" total="3" passed="3" failed="0" skipped="0">
  <reporter-output>
  </reporter-output>
  <suite started-at="2025-07-28T12:01:39 AEST" name="Portfolio Test Suite" finished-at="2025-07-28T12:01:45 AEST" duration-ms="5588">
    <groups>
    </groups>
    <test started-at="2025-07-28T12:01:39 AEST" name="Login Tests" finished-at="2025-07-28T12:01:39 AEST" duration-ms="10">
    </test> <!-- Login Tests -->
    <test started-at="2025-07-28T12:01:39 AEST" name="Home Tests" finished-at="2025-07-28T12:01:39 AEST" duration-ms="0">
    </test> <!-- Home Tests -->
    <test started-at="2025-07-28T12:01:39 AEST" name="Contact Tests" finished-at="2025-07-28T12:01:45 AEST" duration-ms="5527">
      <class name="com.shejuti.tests.ContactTest">
        <test-method is-config="true" signature="setUp()[pri:0, instance:com.shejuti.tests.ContactTest@2cd76f31]" started-at="2025-07-28T12:01:39 AEST" name="setUp" finished-at="2025-07-28T12:01:41 AEST" duration-ms="1583" status="PASS">
          <reporter-output>
          </reporter-output>
        </test-method> <!-- setUp -->
        <test-method signature="testContactMessageSend(java.lang.String,java.lang.String,java.lang.String)[pri:0, instance:com.shejuti.tests.ContactTest@2cd76f31]" started-at="2025-07-28T12:01:41 AEST" name="testContactMessageSend" data-provider="contactData" finished-at="2025-07-28T12:01:41 AEST" duration-ms="411" status="PASS">
          <params>
            <param index="0">
              <value>
                <![CDATA[Daniel Lewis]]>
              </value>
            </param>
            <param index="1">
              <value>
                <![CDATA[shejutikhan+1@gmail.com]]>
              </value>
            </param>
            <param index="2">
              <value>
                <![CDATA[This is a test contact message]]>
              </value>
            </param>
          </params>
          <reporter-output>
          </reporter-output>
        </test-method> <!-- testContactMessageSend -->
        <test-method is-config="true" signature="tearDown()[pri:0, instance:com.shejuti.tests.ContactTest@2cd76f31]" started-at="2025-07-28T12:01:41 AEST" name="tearDown" finished-at="2025-07-28T12:01:41 AEST" duration-ms="166" status="PASS">
          <reporter-output>
          </reporter-output>
        </test-method> <!-- tearDown -->
        <test-method is-config="true" signature="setUp()[pri:0, instance:com.shejuti.tests.ContactTest@2cd76f31]" started-at="2025-07-28T12:01:41 AEST" name="setUp" finished-at="2025-07-28T12:01:42 AEST" duration-ms="1177" status="PASS">
          <reporter-output>
          </reporter-output>
        </test-method> <!-- setUp -->
        <test-method signature="testContactMessageSend(java.lang.String,java.lang.String,java.lang.String)[pri:0, instance:com.shejuti.tests.ContactTest@2cd76f31]" started-at="2025-07-28T12:01:42 AEST" name="testContactMessageSend" data-provider="contactData" finished-at="2025-07-28T12:01:43 AEST" duration-ms="389" status="PASS">
          <params>
            <param index="0">
              <value>
                <![CDATA[Stephen Adams]]>
              </value>
            </param>
            <param index="1">
              <value>
                <![CDATA[shejutikhan+2@gmail.com]]>
              </value>
            </param>
            <param index="2">
              <value>
                <![CDATA[This is a test contact message]]>
              </value>
            </param>
          </params>
          <reporter-output>
          </reporter-output>
        </test-method> <!-- testContactMessageSend -->
        <test-method is-config="true" signature="tearDown()[pri:0, instance:com.shejuti.tests.ContactTest@2cd76f31]" started-at="2025-07-28T12:01:43 AEST" name="tearDown" finished-at="2025-07-28T12:01:43 AEST" duration-ms="123" status="PASS">
          <reporter-output>
          </reporter-output>
        </test-method> <!-- tearDown -->
        <test-method is-config="true" signature="setUp()[pri:0, instance:com.shejuti.tests.ContactTest@2cd76f31]" started-at="2025-07-28T12:01:43 AEST" name="setUp" finished-at="2025-07-28T12:01:44 AEST" duration-ms="1179" status="PASS">
          <reporter-output>
          </reporter-output>
        </test-method> <!-- setUp -->
        <test-method signature="testContactMessageSend(java.lang.String,java.lang.String,java.lang.String)[pri:0, instance:com.shejuti.tests.ContactTest@2cd76f31]" started-at="2025-07-28T12:01:44 AEST" name="testContactMessageSend" data-provider="contactData" finished-at="2025-07-28T12:01:44 AEST" duration-ms="341" status="PASS">
          <params>
            <param index="0">
              <value>
                <![CDATA[Gabriel Baker]]>
              </value>
            </param>
            <param index="1">
              <value>
                <![CDATA[shejutikhan+3@gmail.com]]>
              </value>
            </param>
            <param index="2">
              <value>
                <![CDATA[This is a test contact message]]>
              </value>
            </param>
          </params>
          <reporter-output>
          </reporter-output>
        </test-method> <!-- testContactMessageSend -->
        <test-method is-config="true" signature="tearDown()[pri:0, instance:com.shejuti.tests.ContactTest@2cd76f31]" started-at="2025-07-28T12:01:44 AEST" name="tearDown" finished-at="2025-07-28T12:01:45 AEST" duration-ms="130" status="PASS">
          <reporter-output>
          </reporter-output>
        </test-method> <!-- tearDown -->
      </class> <!-- com.shejuti.tests.ContactTest -->
    </test> <!-- Contact Tests -->
    <test started-at="2025-07-28T12:01:45 AEST" name="Testing Demo Tests" finished-at="2025-07-28T12:01:45 AEST" duration-ms="1">
    </test> <!-- Testing Demo Tests -->
  </suite> <!-- Portfolio Test Suite -->
</testng-results>
