<?xml version="1.0" encoding="UTF-8"?>
<!-- Generated by org.testng.reporters.JUnitReportReporter -->
<testsuite hostname="Shejuti" failures="0" tests="2" name="com.shejuti.tests.LoginTest" time="4.915" errors="0" timestamp="2025-07-11T13:24:14 AEST" skipped="0">
  <testcase classname="com.shejuti.tests.LoginTest" name="testValidLogin" time="3.234"/>
  <testcase classname="com.shejuti.tests.LoginTest" name="testInvalidLoginShowsErrorMessage" time="1.681"/>
</testsuite> <!-- com.shejuti.tests.LoginTest -->
