<?xml version="1.0" encoding="UTF-8"?>
<!-- Generated by org.testng.reporters.JUnitReportReporter -->
<testsuite hostname="Shejuti" failures="0" tests="11" name="com.shejuti.tests.LoginTest" time="35.567" errors="0" timestamp="2025-08-05T10:54:29 AEST" skipped="0">
  <testcase classname="com.shejuti.tests.LoginTest" name="testInvalidLoginShowsErrorMessage" time="3.027"/>
  <testcase classname="com.shejuti.tests.LoginTest" name="testAdminAndPasswordBothMandatoryForLogin" time="3.341"/>
  <testcase classname="com.shejuti.tests.LoginTest" name="testInvalidLoginShowsErrorMessage" time="3.107"/>
  <testcase classname="com.shejuti.tests.LoginTest" name="testValidLogin" time="3.031"/>
  <testcase classname="com.shejuti.tests.LoginTest" name="testInvalidLoginShowsErrorMessage" time="3.067"/>
  <testcase classname="com.shejuti.tests.LoginTest" name="testInvalidLoginShowsErrorMessage" time="4.656"/>
  <testcase classname="com.shejuti.tests.LoginTest" name="testInvalidLoginShowsErrorMessage" time="3.044"/>
  <testcase classname="com.shejuti.tests.LoginTest" name="testInvalidLoginShowsErrorMessage" time="3.146"/>
  <testcase classname="com.shejuti.tests.LoginTest" name="testInvalidLoginShowsErrorMessage" time="3.099"/>
  <testcase classname="com.shejuti.tests.LoginTest" name="testInvalidLoginShowsErrorMessage" time="3.029"/>
  <testcase classname="com.shejuti.tests.LoginTest" name="testInvalidLoginShowsErrorMessage" time="3.020"/>
</testsuite> <!-- com.shejuti.tests.LoginTest -->
