<?xml version="1.0" encoding="UTF-8"?>
<!-- Generated by org.testng.reporters.JUnitReportReporter -->
<testsuite hostname="Shejuti" failures="0" tests="2" name="com.shejuti.tests.LoginTest" time="5.412" errors="0" timestamp="2025-07-28T11:37:27 AEST" skipped="0">
  <testcase classname="com.shejuti.tests.LoginTest" name="testValidLogin" time="3.571"/>
  <testcase classname="com.shejuti.tests.LoginTest" name="testInvalidLoginShowsErrorMessage" time="1.841"/>
</testsuite> <!-- com.shejuti.tests.LoginTest -->
